This is pdfTeX, Version 3.14159265-2.6-1.40.21 (MiKTeX 20.7) (preloaded format=pdflatex 2021.5.25)  27 NOV 2022 00:55
entering extended mode
**c:/Users/gener/Documents/NextcloudSync/Ordinateurs/Esisar/2A/CS221/TP1/AlgoTri/LaTeX/cstp1.tex
(c:/Users/gener/Documents/NextcloudSync/Ordinateurs/Esisar/2A/CS221/TP1/AlgoTri/LaTeX/cstp1.tex
LaTeX2e <2020-02-02> patch level 5
L3 programming layer <2020-09-03> ("C:\Users\gener\AppData\Local\Programs\MiKTeX 2.9\tex/latex/base\article.cls"
Document Class: article 2019/12/20 v1.4l Standard LaTeX document class
("C:\Users\gener\AppData\Local\Programs\MiKTeX 2.9\tex/latex/base\size12.clo"
File: size12.clo 2019/12/20 v1.4l Standard LaTeX file (size option)
)
\c@part=\count168
\c@section=\count169
\c@subsection=\count170
\c@subsubsection=\count171
\c@paragraph=\count172
\c@subparagraph=\count173
\c@figure=\count174
\c@table=\count175
\abovecaptionskip=\skip47
\belowcaptionskip=\skip48
\bibindent=\dimen134
) ("C:\Users\gener\AppData\Local\Programs\MiKTeX 2.9\tex/latex/base\inputenc.sty"
Package: inputenc 2018/08/11 v1.3c Input encoding file
\inpenc@prehook=\toks15
\inpenc@posthook=\toks16
 ("C:\Users\gener\AppData\Local\Programs\MiKTeX 2.9\tex/latex/ucs\utf8x.def"
File: utf8x.def 2004/10/17 UCS: Input encoding UTF-8
)) ("C:\Users\gener\AppData\Local\Programs\MiKTeX 2.9\tex/latex/ucs\ucs.sty"
Package: ucs 2013/05/11 v2.2 UCS: Unicode input support
 ("C:\Users\gener\AppData\Local\Programs\MiKTeX 2.9\tex/latex/ucs\uni-global.def"
File: uni-global.def 2013/05/13 UCS: Unicode global data
)
\uc@secondtry=\count176
\uc@combtoks=\toks17
\uc@combtoksb=\toks18
\uc@temptokena=\toks19
) ("C:\Users\gener\AppData\Local\Programs\MiKTeX 2.9\tex/latex/amsmath\amsmath.sty"
Package: amsmath 2020/01/20 v2.17e AMS math features
\@mathmargin=\skip49

For additional information on amsmath, use the `?' option.
("C:\Users\gener\AppData\Local\Programs\MiKTeX 2.9\tex/latex/amsmath\amstext.sty"
Package: amstext 2000/06/29 v2.01 AMS text
 ("C:\Users\gener\AppData\Local\Programs\MiKTeX 2.9\tex/latex/amsmath\amsgen.sty"
File: amsgen.sty 1999/11/30 v2.0 generic functions
\@emptytoks=\toks20
\ex@=\dimen135
)) ("C:\Users\gener\AppData\Local\Programs\MiKTeX 2.9\tex/latex/amsmath\amsbsy.sty"
Package: amsbsy 1999/11/29 v1.2d Bold Symbols
\pmbraise@=\dimen136
) ("C:\Users\gener\AppData\Local\Programs\MiKTeX 2.9\tex/latex/amsmath\amsopn.sty"
Package: amsopn 2016/03/08 v2.02 operator names
)
\inf@bad=\count177
LaTeX Info: Redefining \frac on input line 227.
\uproot@=\count178
\leftroot@=\count179
LaTeX Info: Redefining \overline on input line 389.
\classnum@=\count180
\DOTSCASE@=\count181
LaTeX Info: Redefining \ldots on input line 486.
LaTeX Info: Redefining \dots on input line 489.
LaTeX Info: Redefining \cdots on input line 610.
\Mathstrutbox@=\box45
\strutbox@=\box46
\big@size=\dimen137
LaTeX Font Info:    Redeclaring font encoding OML on input line 733.
LaTeX Font Info:    Redeclaring font encoding OMS on input line 734.
\macc@depth=\count182
\c@MaxMatrixCols=\count183
\dotsspace@=\muskip16
\c@parentequation=\count184
\dspbrk@lvl=\count185
\tag@help=\toks21
\row@=\count186
\column@=\count187
\maxfields@=\count188
\andhelp@=\toks22
\eqnshift@=\dimen138
\alignsep@=\dimen139
\tagshift@=\dimen140
\tagwidth@=\dimen141
\totwidth@=\dimen142
\lineht@=\dimen143
\@envbody=\toks23
\multlinegap=\skip50
\multlinetaggap=\skip51
\mathdisplay@stack=\toks24
LaTeX Info: Redefining \[ on input line 2859.
LaTeX Info: Redefining \] on input line 2860.
) ("C:\Users\gener\AppData\Local\Programs\MiKTeX 2.9\tex/latex/amsfonts\amssymb.sty"
Package: amssymb 2013/01/14 v3.01 AMS font symbols
 ("C:\Users\gener\AppData\Local\Programs\MiKTeX 2.9\tex/latex/amsfonts\amsfonts.sty"
Package: amsfonts 2013/01/14 v3.01 Basic AMSFonts support
\symAMSa=\mathgroup4
\symAMSb=\mathgroup5
LaTeX Font Info:    Redeclaring math symbol \hbar on input line 98.
LaTeX Font Info:    Overwriting math alphabet `\mathfrak' in version `bold'
(Font)                  U/euf/m/n --> U/euf/b/n on input line 106.
)) ("C:\Users\gener\AppData\Local\Programs\MiKTeX 2.9\tex/latex/graphics\graphicx.sty"
Package: graphicx 2019/11/30 v1.2a Enhanced LaTeX Graphics (DPC,SPQR)
 ("C:\Users\gener\AppData\Local\Programs\MiKTeX 2.9\tex/latex/graphics\keyval.sty"
Package: keyval 2014/10/28 v1.15 key=value parser (DPC)
\KV@toks@=\toks25
) ("C:\Users\gener\AppData\Local\Programs\MiKTeX 2.9\tex/latex/graphics\graphics.sty"
Package: graphics 2019/11/30 v1.4a Standard LaTeX Graphics (DPC,SPQR)
 ("C:\Users\gener\AppData\Local\Programs\MiKTeX 2.9\tex/latex/graphics\trig.sty"
Package: trig 2016/01/03 v1.10 sin cos tan (DPC)
) ("C:\Users\gener\AppData\Local\Programs\MiKTeX 2.9\tex/latex/graphics-cfg\graphics.cfg"
File: graphics.cfg 2016/06/04 v1.11 sample graphics configuration
)
Package graphics Info: Driver file: pdftex.def on input line 105.
 ("C:\Users\gener\AppData\Local\Programs\MiKTeX 2.9\tex/latex/graphics-def\pdftex.def"
File: pdftex.def 2020/08/26 v1.2 Graphics/color driver for pdftex
))
\Gin@req@height=\dimen144
\Gin@req@width=\dimen145
) ("C:\Users\gener\AppData\Local\Programs\MiKTeX 2.9\tex/latex/pgf/frontendlayer\tikz.sty" ("C:\Users\gener\AppData\Local\Programs\MiKTeX 2.9\tex/latex/pgf/basiclayer\pgf.sty" ("C:\Users\gener\AppData\Local\Programs\MiKTeX 2.9\tex/latex/pgf/utilities\pgfrcs.sty" ("C:\Users\gener\AppData\Local\Programs\MiKTeX 2.9\tex/generic/pgf/utilities\pgfutil-common.tex"
\pgfutil@everybye=\toks26
\pgfutil@tempdima=\dimen146
\pgfutil@tempdimb=\dimen147
 ("C:\Users\gener\AppData\Local\Programs\MiKTeX 2.9\tex/generic/pgf/utilities\pgfutil-common-lists.tex")) ("C:\Users\gener\AppData\Local\Programs\MiKTeX 2.9\tex/generic/pgf/utilities\pgfutil-latex.def"
\pgfutil@abb=\box47
 ("C:\Users\gener\AppData\Local\Programs\MiKTeX 2.9\tex/latex/ms\everyshi.sty"
Package: everyshi 2001/05/15 v3.00 EveryShipout Package (MS)
)) ("C:\Users\gener\AppData\Local\Programs\MiKTeX 2.9\tex/generic/pgf/utilities\pgfrcs.code.tex" ("C:\Users\gener\AppData\Local\Programs\MiKTeX 2.9\tex/generic/pgf\pgf.revision.tex")
Package: pgfrcs 2020/01/08 v3.1.5b (3.1.5b)
))
Package: pgf 2020/01/08 v3.1.5b (3.1.5b)
 ("C:\Users\gener\AppData\Local\Programs\MiKTeX 2.9\tex/latex/pgf/basiclayer\pgfcore.sty" ("C:\Users\gener\AppData\Local\Programs\MiKTeX 2.9\tex/latex/pgf/systemlayer\pgfsys.sty" ("C:\Users\gener\AppData\Local\Programs\MiKTeX 2.9\tex/generic/pgf/systemlayer\pgfsys.code.tex"
Package: pgfsys 2020/01/08 v3.1.5b (3.1.5b)
 ("C:\Users\gener\AppData\Local\Programs\MiKTeX 2.9\tex/generic/pgf/utilities\pgfkeys.code.tex"
\pgfkeys@pathtoks=\toks27
\pgfkeys@temptoks=\toks28
 ("C:\Users\gener\AppData\Local\Programs\MiKTeX 2.9\tex/generic/pgf/utilities\pgfkeysfiltered.code.tex"
\pgfkeys@tmptoks=\toks29
))
\pgf@x=\dimen148
\pgf@y=\dimen149
\pgf@xa=\dimen150
\pgf@ya=\dimen151
\pgf@xb=\dimen152
\pgf@yb=\dimen153
\pgf@xc=\dimen154
\pgf@yc=\dimen155
\pgf@xd=\dimen156
\pgf@yd=\dimen157
\w@pgf@writea=\write3
\r@pgf@reada=\read2
\c@pgf@counta=\count189
\c@pgf@countb=\count190
\c@pgf@countc=\count191
\c@pgf@countd=\count192
\t@pgf@toka=\toks30
\t@pgf@tokb=\toks31
\t@pgf@tokc=\toks32
\pgf@sys@id@count=\count193
 ("C:\Users\gener\AppData\Local\Programs\MiKTeX 2.9\tex/generic/pgf/systemlayer\pgf.cfg"
File: pgf.cfg 2020/01/08 v3.1.5b (3.1.5b)
)
Driver file for pgf: pgfsys-pdftex.def
 ("C:\Users\gener\AppData\Local\Programs\MiKTeX 2.9\tex/generic/pgf/systemlayer\pgfsys-pdftex.def"
File: pgfsys-pdftex.def 2020/01/08 v3.1.5b (3.1.5b)
 ("C:\Users\gener\AppData\Local\Programs\MiKTeX 2.9\tex/generic/pgf/systemlayer\pgfsys-common-pdf.def"
File: pgfsys-common-pdf.def 2020/01/08 v3.1.5b (3.1.5b)
))) ("C:\Users\gener\AppData\Local\Programs\MiKTeX 2.9\tex/generic/pgf/systemlayer\pgfsyssoftpath.code.tex"
File: pgfsyssoftpath.code.tex 2020/01/08 v3.1.5b (3.1.5b)
\pgfsyssoftpath@smallbuffer@items=\count194
\pgfsyssoftpath@bigbuffer@items=\count195
) ("C:\Users\gener\AppData\Local\Programs\MiKTeX 2.9\tex/generic/pgf/systemlayer\pgfsysprotocol.code.tex"
File: pgfsysprotocol.code.tex 2020/01/08 v3.1.5b (3.1.5b)
)) ("C:\Users\gener\AppData\Local\Programs\MiKTeX 2.9\tex/latex/xcolor\xcolor.sty"
Package: xcolor 2016/05/11 v2.12 LaTeX color extensions (UK)
 ("C:\Users\gener\AppData\Local\Programs\MiKTeX 2.9\tex/latex/graphics-cfg\color.cfg"
File: color.cfg 2016/01/02 v1.6 sample color configuration
)
Package xcolor Info: Driver file: pdftex.def on input line 225.
Package xcolor Info: Model `cmy' substituted by `cmy0' on input line 1348.
Package xcolor Info: Model `hsb' substituted by `rgb' on input line 1352.
Package xcolor Info: Model `RGB' extended on input line 1364.
Package xcolor Info: Model `HTML' substituted by `rgb' on input line 1366.
Package xcolor Info: Model `Hsb' substituted by `hsb' on input line 1367.
Package xcolor Info: Model `tHsb' substituted by `hsb' on input line 1368.
Package xcolor Info: Model `HSB' substituted by `hsb' on input line 1369.
Package xcolor Info: Model `Gray' substituted by `gray' on input line 1370.
Package xcolor Info: Model `wave' substituted by `hsb' on input line 1371.
) ("C:\Users\gener\AppData\Local\Programs\MiKTeX 2.9\tex/generic/pgf/basiclayer\pgfcore.code.tex"
Package: pgfcore 2020/01/08 v3.1.5b (3.1.5b)
 ("C:\Users\gener\AppData\Local\Programs\MiKTeX 2.9\tex/generic/pgf/math\pgfmath.code.tex" ("C:\Users\gener\AppData\Local\Programs\MiKTeX 2.9\tex/generic/pgf/math\pgfmathcalc.code.tex" ("C:\Users\gener\AppData\Local\Programs\MiKTeX 2.9\tex/generic/pgf/math\pgfmathutil.code.tex") ("C:\Users\gener\AppData\Local\Programs\MiKTeX 2.9\tex/generic/pgf/math\pgfmathparser.code.tex"
\pgfmath@dimen=\dimen158
\pgfmath@count=\count196
\pgfmath@box=\box48
\pgfmath@toks=\toks33
\pgfmath@stack@operand=\toks34
\pgfmath@stack@operation=\toks35
) ("C:\Users\gener\AppData\Local\Programs\MiKTeX 2.9\tex/generic/pgf/math\pgfmathfunctions.code.tex" ("C:\Users\gener\AppData\Local\Programs\MiKTeX 2.9\tex/generic/pgf/math\pgfmathfunctions.basic.code.tex") ("C:\Users\gener\AppData\Local\Programs\MiKTeX 2.9\tex/generic/pgf/math\pgfmathfunctions.trigonometric.code.tex") ("C:\Users\gener\AppData\Local\Programs\MiKTeX 2.9\tex/generic/pgf/math\pgfmathfunctions.random.code.tex") ("C:\Users\gener\AppData\Local\Programs\MiKTeX 2.9\tex/generic/pgf/math\pgfmathfunctions.comparison.code.tex") ("C:\Users\gener\AppData\Local\Programs\MiKTeX 2.9\tex/generic/pgf/math\pgfmathfunctions.base.code.tex") ("C:\Users\gener\AppData\Local\Programs\MiKTeX 2.9\tex/generic/pgf/math\pgfmathfunctions.round.code.tex") ("C:\Users\gener\AppData\Local\Programs\MiKTeX 2.9\tex/generic/pgf/math\pgfmathfunctions.misc.code.tex") ("C:\Users\gener\AppData\Local\Programs\MiKTeX 2.9\tex/generic/pgf/math\pgfmathfunctions.integerarithmetics.code.tex"))) ("C:\Users\gener\AppData\Local\Programs\MiKTeX 2.9\tex/generic/pgf/math\pgfmathfloat.code.tex"
\c@pgfmathroundto@lastzeros=\count197
)) ("C:\Users\gener\AppData\Local\Programs\MiKTeX 2.9\tex/generic/pgf/math\pgfint.code.tex") ("C:\Users\gener\AppData\Local\Programs\MiKTeX 2.9\tex/generic/pgf/basiclayer\pgfcorepoints.code.tex"
File: pgfcorepoints.code.tex 2020/01/08 v3.1.5b (3.1.5b)
\pgf@picminx=\dimen159
\pgf@picmaxx=\dimen160
\pgf@picminy=\dimen161
\pgf@picmaxy=\dimen162
\pgf@pathminx=\dimen163
\pgf@pathmaxx=\dimen164
\pgf@pathminy=\dimen165
\pgf@pathmaxy=\dimen166
\pgf@xx=\dimen167
\pgf@xy=\dimen168
\pgf@yx=\dimen169
\pgf@yy=\dimen170
\pgf@zx=\dimen171
\pgf@zy=\dimen172
) ("C:\Users\gener\AppData\Local\Programs\MiKTeX 2.9\tex/generic/pgf/basiclayer\pgfcorepathconstruct.code.tex"
File: pgfcorepathconstruct.code.tex 2020/01/08 v3.1.5b (3.1.5b)
\pgf@path@lastx=\dimen173
\pgf@path@lasty=\dimen174
) ("C:\Users\gener\AppData\Local\Programs\MiKTeX 2.9\tex/generic/pgf/basiclayer\pgfcorepathusage.code.tex"
File: pgfcorepathusage.code.tex 2020/01/08 v3.1.5b (3.1.5b)
\pgf@shorten@end@additional=\dimen175
\pgf@shorten@start@additional=\dimen176
) ("C:\Users\gener\AppData\Local\Programs\MiKTeX 2.9\tex/generic/pgf/basiclayer\pgfcorescopes.code.tex"
File: pgfcorescopes.code.tex 2020/01/08 v3.1.5b (3.1.5b)
\pgfpic=\box49
\pgf@hbox=\box50
\pgf@layerbox@main=\box51
\pgf@picture@serial@count=\count198
) ("C:\Users\gener\AppData\Local\Programs\MiKTeX 2.9\tex/generic/pgf/basiclayer\pgfcoregraphicstate.code.tex"
File: pgfcoregraphicstate.code.tex 2020/01/08 v3.1.5b (3.1.5b)
\pgflinewidth=\dimen177
) ("C:\Users\gener\AppData\Local\Programs\MiKTeX 2.9\tex/generic/pgf/basiclayer\pgfcoretransformations.code.tex"
File: pgfcoretransformations.code.tex 2020/01/08 v3.1.5b (3.1.5b)
\pgf@pt@x=\dimen178
\pgf@pt@y=\dimen179
\pgf@pt@temp=\dimen180
) ("C:\Users\gener\AppData\Local\Programs\MiKTeX 2.9\tex/generic/pgf/basiclayer\pgfcorequick.code.tex"
File: pgfcorequick.code.tex 2020/01/08 v3.1.5b (3.1.5b)
) ("C:\Users\gener\AppData\Local\Programs\MiKTeX 2.9\tex/generic/pgf/basiclayer\pgfcoreobjects.code.tex"
File: pgfcoreobjects.code.tex 2020/01/08 v3.1.5b (3.1.5b)
) ("C:\Users\gener\AppData\Local\Programs\MiKTeX 2.9\tex/generic/pgf/basiclayer\pgfcorepathprocessing.code.tex"
File: pgfcorepathprocessing.code.tex 2020/01/08 v3.1.5b (3.1.5b)
) ("C:\Users\gener\AppData\Local\Programs\MiKTeX 2.9\tex/generic/pgf/basiclayer\pgfcorearrows.code.tex"
File: pgfcorearrows.code.tex 2020/01/08 v3.1.5b (3.1.5b)
\pgfarrowsep=\dimen181
) ("C:\Users\gener\AppData\Local\Programs\MiKTeX 2.9\tex/generic/pgf/basiclayer\pgfcoreshade.code.tex"
File: pgfcoreshade.code.tex 2020/01/08 v3.1.5b (3.1.5b)
\pgf@max=\dimen182
\pgf@sys@shading@range@num=\count199
\pgf@shadingcount=\count266
) ("C:\Users\gener\AppData\Local\Programs\MiKTeX 2.9\tex/generic/pgf/basiclayer\pgfcoreimage.code.tex"
File: pgfcoreimage.code.tex 2020/01/08 v3.1.5b (3.1.5b)
 ("C:\Users\gener\AppData\Local\Programs\MiKTeX 2.9\tex/generic/pgf/basiclayer\pgfcoreexternal.code.tex"
File: pgfcoreexternal.code.tex 2020/01/08 v3.1.5b (3.1.5b)
\pgfexternal@startupbox=\box52
)) ("C:\Users\gener\AppData\Local\Programs\MiKTeX 2.9\tex/generic/pgf/basiclayer\pgfcorelayers.code.tex"
File: pgfcorelayers.code.tex 2020/01/08 v3.1.5b (3.1.5b)
) ("C:\Users\gener\AppData\Local\Programs\MiKTeX 2.9\tex/generic/pgf/basiclayer\pgfcoretransparency.code.tex"
File: pgfcoretransparency.code.tex 2020/01/08 v3.1.5b (3.1.5b)
) ("C:\Users\gener\AppData\Local\Programs\MiKTeX 2.9\tex/generic/pgf/basiclayer\pgfcorepatterns.code.tex"
File: pgfcorepatterns.code.tex 2020/01/08 v3.1.5b (3.1.5b)
) ("C:\Users\gener\AppData\Local\Programs\MiKTeX 2.9\tex/generic/pgf/basiclayer\pgfcorerdf.code.tex"
File: pgfcorerdf.code.tex 2020/01/08 v3.1.5b (3.1.5b)
))) ("C:\Users\gener\AppData\Local\Programs\MiKTeX 2.9\tex/generic/pgf/modules\pgfmoduleshapes.code.tex"
File: pgfmoduleshapes.code.tex 2020/01/08 v3.1.5b (3.1.5b)
\pgfnodeparttextbox=\box53
) ("C:\Users\gener\AppData\Local\Programs\MiKTeX 2.9\tex/generic/pgf/modules\pgfmoduleplot.code.tex"
File: pgfmoduleplot.code.tex 2020/01/08 v3.1.5b (3.1.5b)
) ("C:\Users\gener\AppData\Local\Programs\MiKTeX 2.9\tex/latex/pgf/compatibility\pgfcomp-version-0-65.sty"
Package: pgfcomp-version-0-65 2020/01/08 v3.1.5b (3.1.5b)
\pgf@nodesepstart=\dimen183
\pgf@nodesepend=\dimen184
) ("C:\Users\gener\AppData\Local\Programs\MiKTeX 2.9\tex/latex/pgf/compatibility\pgfcomp-version-1-18.sty"
Package: pgfcomp-version-1-18 2020/01/08 v3.1.5b (3.1.5b)
)) ("C:\Users\gener\AppData\Local\Programs\MiKTeX 2.9\tex/latex/pgf/utilities\pgffor.sty" ("C:\Users\gener\AppData\Local\Programs\MiKTeX 2.9\tex/latex/pgf/utilities\pgfkeys.sty" ("C:\Users\gener\AppData\Local\Programs\MiKTeX 2.9\tex/generic/pgf/utilities\pgfkeys.code.tex")) ("C:\Users\gener\AppData\Local\Programs\MiKTeX 2.9\tex/latex/pgf/math\pgfmath.sty" ("C:\Users\gener\AppData\Local\Programs\MiKTeX 2.9\tex/generic/pgf/math\pgfmath.code.tex")) ("C:\Users\gener\AppData\Local\Programs\MiKTeX 2.9\tex/generic/pgf/utilities\pgffor.code.tex"
Package: pgffor 2020/01/08 v3.1.5b (3.1.5b)
 ("C:\Users\gener\AppData\Local\Programs\MiKTeX 2.9\tex/generic/pgf/math\pgfmath.code.tex")
\pgffor@iter=\dimen185
\pgffor@skip=\dimen186
\pgffor@stack=\toks36
\pgffor@toks=\toks37
)) ("C:\Users\gener\AppData\Local\Programs\MiKTeX 2.9\tex/generic/pgf/frontendlayer/tikz\tikz.code.tex"
Package: tikz 2020/01/08 v3.1.5b (3.1.5b)
 ("C:\Users\gener\AppData\Local\Programs\MiKTeX 2.9\tex/generic/pgf/libraries\pgflibraryplothandlers.code.tex"
File: pgflibraryplothandlers.code.tex 2020/01/08 v3.1.5b (3.1.5b)
\pgf@plot@mark@count=\count267
\pgfplotmarksize=\dimen187
)
\tikz@lastx=\dimen188
\tikz@lasty=\dimen189
\tikz@lastxsaved=\dimen190
\tikz@lastysaved=\dimen191
\tikz@lastmovetox=\dimen192
\tikz@lastmovetoy=\dimen193
\tikzleveldistance=\dimen194
\tikzsiblingdistance=\dimen195
\tikz@figbox=\box54
\tikz@figbox@bg=\box55
\tikz@tempbox=\box56
\tikz@tempbox@bg=\box57
\tikztreelevel=\count268
\tikznumberofchildren=\count269
\tikznumberofcurrentchild=\count270
\tikz@fig@count=\count271
 ("C:\Users\gener\AppData\Local\Programs\MiKTeX 2.9\tex/generic/pgf/modules\pgfmodulematrix.code.tex"
File: pgfmodulematrix.code.tex 2020/01/08 v3.1.5b (3.1.5b)
\pgfmatrixcurrentrow=\count272
\pgfmatrixcurrentcolumn=\count273
\pgf@matrix@numberofcolumns=\count274
)
\tikz@expandcount=\count275
 ("C:\Users\gener\AppData\Local\Programs\MiKTeX 2.9\tex/generic/pgf/frontendlayer/tikz/libraries\tikzlibrarytopaths.code.tex"
File: tikzlibrarytopaths.code.tex 2020/01/08 v3.1.5b (3.1.5b)
))) ("C:\Users\gener\AppData\Local\Programs\MiKTeX 2.9\tex/latex/tkz-tab\tkz-tab.sty"
Package: tkz-tab 2020/04/29 v2.12c variations (ctan version)
 ("C:\Users\gener\AppData\Local\Programs\MiKTeX 2.9\tex/latex/base\ifthen.sty"
Package: ifthen 2014/09/29 v1.1c Standard LaTeX ifthen package (DPC)
) ("C:\Users\gener\AppData\Local\Programs\MiKTeX 2.9\tex/latex/xkeyval\xkeyval.sty"
Package: xkeyval 2014/12/03 v2.7a package option processing (HA)
 ("C:\Users\gener\AppData\Local\Programs\MiKTeX 2.9\tex/generic/xkeyval\xkeyval.tex" ("C:\Users\gener\AppData\Local\Programs\MiKTeX 2.9\tex/generic/xkeyval\xkvutils.tex"
\XKV@toks=\toks38
\XKV@tempa@toks=\toks39
)
\XKV@depth=\count276
File: xkeyval.tex 2014/12/03 v2.7a key=value parser (HA)
)) ("C:\Users\gener\AppData\Local\Programs\MiKTeX 2.9\tex/generic/pgf/frontendlayer/tikz/libraries\tikzlibraryarrows.code.tex"
File: tikzlibraryarrows.code.tex 2020/01/08 v3.1.5b (3.1.5b)
 ("C:\Users\gener\AppData\Local\Programs\MiKTeX 2.9\tex/generic/pgf/libraries\pgflibraryarrows.code.tex"
File: pgflibraryarrows.code.tex 2020/01/08 v3.1.5b (3.1.5b)
\arrowsize=\dimen196
)) ("C:\Users\gener\AppData\Local\Programs\MiKTeX 2.9\tex/generic/pgf/frontendlayer/tikz/libraries\tikzlibrarypatterns.code.tex"
File: tikzlibrarypatterns.code.tex 2020/01/08 v3.1.5b (3.1.5b)
 ("C:\Users\gener\AppData\Local\Programs\MiKTeX 2.9\tex/generic/pgf/libraries\pgflibrarypatterns.code.tex"
File: pgflibrarypatterns.code.tex 2020/01/08 v3.1.5b (3.1.5b)
))
\tkz@XF=\dimen197
\tkz@YF=\dimen198
\c@tkz@cnt@line=\count277
\c@tkz@cnt@lg=\count278
\c@tkz@cnt@cl=\count279
\c@tkz@cnt@pred=\count280
\c@tkz@cnt@temp=\count281
\c@tkz@cnt@arrow=\count282
\c@tkz@cnt@zone=\count283
\c@tkz@cnt@lgnext=\count284
\c@tkz@cnt@clnext=\count285
\c@tkz@cnt@pair=\count286
\c@tkz@cnt@impair=\count287
\c@tkz@cnt@aw=\count288
) ("C:\Users\gener\AppData\Local\Programs\MiKTeX 2.9\tex/latex/jknappen\mathrsfs.sty"
Package: mathrsfs 1996/01/01 Math RSFS package v1.0 (jk)
\symrsfs=\mathgroup6
) ("C:\Users\gener\AppData\Local\Programs\MiKTeX 2.9\tex/latex/listings\listings.sty"
\lst@mode=\count289
\lst@gtempboxa=\box58
\lst@token=\toks40
\lst@length=\count290
\lst@currlwidth=\dimen199
\lst@column=\count291
\lst@pos=\count292
\lst@lostspace=\dimen256
\lst@width=\dimen257
\lst@newlines=\count293
\lst@lineno=\count294
\lst@maxwidth=\dimen258
 ("C:\Users\gener\AppData\Local\Programs\MiKTeX 2.9\tex/latex/listings\lstmisc.sty"
File: lstmisc.sty 2020/03/24 1.8d (Carsten Heinz)
\c@lstnumber=\count295
\lst@skipnumbers=\count296
\lst@framebox=\box59
) ("C:\Users\gener\AppData\Local\Programs\MiKTeX 2.9\tex/latex/listings\listings.cfg"
File: listings.cfg 2020/03/24 1.8d listings configuration
))
Package: listings 2020/03/24 1.8d (Carsten Heinz)
 ("C:\Users\gener\AppData\Local\Programs\MiKTeX 2.9\tex/latex/geometry\geometry.sty"
Package: geometry 2020/01/02 v5.9 Page Geometry
 ("C:\Users\gener\AppData\Local\Programs\MiKTeX 2.9\tex/generic/iftex\ifvtex.sty"
Package: ifvtex 2019/10/25 v1.7 ifvtex legacy package. Use iftex instead.
 ("C:\Users\gener\AppData\Local\Programs\MiKTeX 2.9\tex/generic/iftex\iftex.sty"
Package: iftex 2020/03/06 v1.0d TeX engine tests
))
\Gm@cnth=\count297
\Gm@cntv=\count298
\c@Gm@tempcnt=\count299
\Gm@bindingoffset=\dimen259
\Gm@wd@mp=\dimen260
\Gm@odd@mp=\dimen261
\Gm@even@mp=\dimen262
\Gm@layoutwidth=\dimen263
\Gm@layoutheight=\dimen264
\Gm@layouthoffset=\dimen265
\Gm@layoutvoffset=\dimen266
\Gm@dimlist=\toks41
 ("C:\Users\gener\AppData\Local\Programs\MiKTeX 2.9\tex/latex/geometry\geometry.cfg")) ("C:\Users\gener\AppData\Local\Programs\MiKTeX 2.9\tex/latex/tools\multicol.sty"
Package: multicol 2019/12/09 v1.8y multicolumn formatting (FMi)
\c@tracingmulticols=\count300
\mult@box=\box60
\multicol@leftmargin=\dimen267
\c@unbalance=\count301
\c@collectmore=\count302
\doublecol@number=\count303
\multicoltolerance=\count304
\multicolpretolerance=\count305
\full@width=\dimen268
\page@free=\dimen269
\premulticols=\dimen270
\postmulticols=\dimen271
\multicolsep=\skip52
\multicolbaselineskip=\skip53
\partial@page=\box61
\last@line=\box62
\maxbalancingoverflow=\dimen272
\mult@rightbox=\box63
\mult@grightbox=\box64
\mult@gfirstbox=\box65
\mult@firstbox=\box66
\@tempa=\box67
\@tempa=\box68
\@tempa=\box69
\@tempa=\box70
\@tempa=\box71
\@tempa=\box72
\@tempa=\box73
\@tempa=\box74
\@tempa=\box75
\@tempa=\box76
\@tempa=\box77
\@tempa=\box78
\@tempa=\box79
\@tempa=\box80
\@tempa=\box81
\@tempa=\box82
\@tempa=\box83
\@tempa=\box84
\@tempa=\box85
\@tempa=\box86
\@tempa=\box87
\@tempa=\box88
\@tempa=\box89
\@tempa=\box90
\@tempa=\box91
\@tempa=\box92
\@tempa=\box93
\@tempa=\box94
\@tempa=\box95
\@tempa=\box96
\@tempa=\box97
\@tempa=\box98
\@tempa=\box99
\@tempa=\box100
\@tempa=\box101
\@tempa=\box102
\@tempa=\box103
\c@minrows=\count306
\c@columnbadness=\count307
\c@finalcolumnbadness=\count308
\last@try=\dimen273
\multicolovershoot=\dimen274
\multicolundershoot=\dimen275
\mult@nat@firstbox=\box104
\colbreak@box=\box105
\mc@col@check@num=\count309
) ("C:\Users\gener\AppData\Local\Programs\MiKTeX 2.9\tex/latex/float\float.sty"
Package: float 2001/11/08 v1.3d Float enhancements (AL)
\c@float@type=\count310
\float@exts=\toks42
\float@box=\box106
\@float@everytoks=\toks43
\@floatcapt=\box107
) ("C:\Users\gener\AppData\Local\Programs\MiKTeX 2.9\tex/latex/pstricks\pstricks.sty"
Package: pstricks 2020/06/11 v0.70 LaTeX wrapper for `PSTricks' (RN,HV)
 ("C:\Users\gener\AppData\Local\Programs\MiKTeX 2.9\tex/generic/xkeyval\pst-xkey.tex"
File: pst-xkey.tex 2005/11/25 v1.6 PSTricks specialization of xkeyval (HA)
) ("C:\Users\gener\AppData\Local\Programs\MiKTeX 2.9\tex/generic/pstricks\pstricks.tex" ("C:\Users\gener\AppData\Local\Programs\MiKTeX 2.9\tex/generic/pstricks\pst-fp.tex" `pst-fp' v0.05, 2010/01/17 (hv)
\pstFP@xs=\count311
\pstFP@xia=\count312
\pstFP@xib=\count313
\pstFP@xfa=\count314
\pstFP@xfb=\count315
\pstFP@rega=\count316
\pstFP@regb=\count317
\pstFP@regs=\count318
\pstFP@times=\count319
)
\psLoopIndex=\count320

`PSTricks' v2.97  <2019/05/11> (tvz,hv)
\pst@dima=\dimen276
\pst@dimb=\dimen277
\pst@dimc=\dimen278
\pst@dimd=\dimen279
\pst@dimg=\dimen280
\pst@dimh=\dimen281
\pst@dimm=\dimen282
\pst@dimn=\dimen283
\pst@dimo=\dimen284
\pst@dimp=\dimen285
\pst@hbox=\box108
\pst@ibox=\box109
\pst@boxg=\box110
\pst@cnta=\count321
\pst@cntb=\count322
\pst@cntc=\count323
\pst@cntd=\count324
\pst@cntg=\count325
\pst@cnth=\count326
\pst@cntm=\count327
\pst@cntn=\count328
\pst@cnto=\count329
\pst@cntp=\count330
\@zero=\count331
\pst@toks=\toks44
("C:\Users\gener\AppData\Local\Programs\MiKTeX 2.9\tex/generic/pstricks\pstricks.con")
\psunit=\dimen286
\psxunit=\dimen287
\psyunit=\dimen288
\pst@C@@rType=\count332
\pslinewidth=\dimen289
\psk@startLW=\dimen290
\psk@endLW=\dimen291
\pst@customdefs=\toks45
\pslinearc=\dimen292
\pst@symbolStep=\dimen293
\pst@symbolWidth=\dimen294
\pst@symbolLinewidth=\dimen295
\everypsbox=\toks46
\psframesep=\dimen296
\pslabelsep=\dimen297
\sh@wgridXunit=\dimen298
\sh@wgridYunit=\dimen299
\pst@shift=\dimen300
)
File: pstricks.tex 2019/05/11 v2.97 `PSTricks' (tvz,hv)
 ("C:\Users\gener\AppData\Local\Programs\MiKTeX 2.9\tex/generic/pstricks\pst-fp.tex")
File: pst-fp.tex 2019/05/11 v2.97 `PST-fp' (hv)
) ("C:\Users\gener\AppData\Local\Programs\MiKTeX 2.9\tex/latex/pstricks\pst-all.sty"
Package: pst-all 2008/01/01 the main pstricks tools
 ("C:\Users\gener\AppData\Local\Programs\MiKTeX 2.9\tex/latex/pst-plot\pst-plot.sty"
Package: pst-plot 2011/06/05 v1.00 LaTeX wrapper for `pst-plot' (HV)
 ("C:\Users\gener\AppData\Local\Programs\MiKTeX 2.9\tex/latex/xkeyval\pst-xkey.sty"
Package: pst-xkey 2005/11/25 v1.6 package wrapper for pst-xkey.tex (HA)
) ("C:\Users\gener\AppData\Local\Programs\MiKTeX 2.9\tex/latex/multido\multido.sty"
Package: multido 2004/05/17 package wrapper for PSTricks `multido.tex', (HV/RN)
 ("C:\Users\gener\AppData\Local\Programs\MiKTeX 2.9\tex/generic/multido\multido.tex"  v1.42, 2010/05/14 <tvz>
\multido@count=\count333
\multidocount=\count334
\multido@stuff=\toks47
)
File: multido.tex 2010/05/14 v1.42 `multido' (tvz,hv)
)
Package: pst-plot 2011/04/13 package wrapper for pst-plot.tex (hv)
 ("C:\Users\gener\AppData\Local\Programs\MiKTeX 2.9\tex/generic/pst-plot\pst-plot.tex" ("C:\Users\gener\AppData\Local\Programs\MiKTeX 2.9\tex/generic/pst-tools\pst-tools.tex" `PST-tools' v0.10, 2020/03/24 (hv)
\randomi=\count335
\ranval=\count336
) ("C:\Users\gener\AppData\Local\Programs\MiKTeX 2.9\tex/generic/pstricks-add\pstricks-add.tex" ("C:\Users\gener\AppData\Local\Programs\MiKTeX 2.9\tex/generic/pst-node\pst-node.tex"  v1.42a, 2020/04/01
\psrow=\count337
\pscol=\count338
\psmatrixcnt=\count339
\psrowsep=\skip54
\pscolsep=\skip55
\pst@args=\count340
\num@pts=\count341
\pst@argcnt=\count342
) ("C:\Users\gener\AppData\Local\Programs\MiKTeX 2.9\tex/generic/pst-arrow\pst-arrow.tex" `pst-arrow' v0.01, 2016/09/01 (dr,hv)
\pshooklength=\dimen301
\pshookwidth=\dimen302
) ("C:\Users\gener\AppData\Local\Programs\MiKTeX 2.9\tex/generic/pst-3d\pst-3d.tex" `PST-3d' v1.11, 2010/02/14 (tvz)) ("C:\Users\gener\AppData\Local\Programs\MiKTeX 2.9\tex/generic/pst-math\pst-math.tex" `pst-math' v0.64 , (CJ,hv)) `pstricks-add' v3.89a, 2020/02/12 (dr,hv)
\psparallelogramsep=\dimen303
\pst@cntC=\count343
\pst@stepcount=\count344
\chart@ColorIndex=\dimen304
\chart@ColorStep=\dimen305
\pst@chartHeight=\dimen306
\pst@chartStackDepth=\dimen307
\pst@chartStackWidth=\dimen308
\chart@Toggle=\count345
\psVectorCtr=\count346
)  v1.92, 2019/05/16 (tvz,hv)
\pstRadUnit=\dimen309
\pstRadUnitInv=\dimen310
\pst@linecnt=\count347
\RCD@file=\read3
\psxlabelsep=\dimen311
\psylabelsep=\dimen312
\psk@subticksize=\dimen313
\pst@xticksizeA=\dimen314
\pst@xticksizeB=\dimen315
\pst@xticksizeC=\dimen316
\pst@yticksizeA=\dimen317
\pst@yticksizeB=\dimen318
\pst@yticksizeC=\dimen319
\@digitcounter=\count348
\psk@llx=\dimen320
\psk@lly=\dimen321
\psk@urx=\dimen322
\psk@ury=\dimen323
\pst@xunit=\dimen324
\pst@yunit=\dimen325
)
File: pst-plot.tex 2019/05/16 1.92 `pst-plot' (tvz,hv)
) ("C:\Users\gener\AppData\Local\Programs\MiKTeX 2.9\tex/latex/pst-node\pst-node.sty"
Package: pst-node 2012/09/18 v1.01 LaTeX wrapper for `pst-node' (HV)
Package: pst-node 2010/04/22 package wrapper for pst-node.tex
 ("C:\Users\gener\AppData\Local\Programs\MiKTeX 2.9\tex/generic/pst-node\pst-node.tex")
File: pst-node.tex 2019/05/16 1.92 `pst-node' (tvz,hv)
) ("C:\Users\gener\AppData\Local\Programs\MiKTeX 2.9\tex/latex/pst-tree\pst-tree.sty"
Package: pst-tree 2009/01/25 package wrapper for pst-tree.tex
 ("C:\Users\gener\AppData\Local\Programs\MiKTeX 2.9\tex/generic/pst-tree\pst-tree.tex"  v1.13, 2017/02/18(tvz,dg,hv)
\pstree@rootbox=\box111
\pstree@box=\box112
\psnodecnt=\count349
\pstreelevel=\count350
\pstreecnt=\count351
\pstree@cnt=\count352
\pstree@stop=\count353
)
File: pst-tree.tex 2017/02/18 1.13 `pst-tree' (tvz,hv)
) ("C:\Users\gener\AppData\Local\Programs\MiKTeX 2.9\tex/latex/pst-grad\pst-grad.sty"
Package: pst-grad 2004/07/15 package wrapper for pst-grad.tex (hv)
 ("C:\Users\gener\AppData\Local\Programs\MiKTeX 2.9\tex/generic/pst-grad\pst-grad.tex" `pst-grad' v1.06, 2006/11/27 (tvz,dg,hv))
File: pst-grad.tex 2006/11/27 1.06 `pst-grad' (tvz)
) ("C:\Users\gener\AppData\Local\Programs\MiKTeX 2.9\tex/latex/pst-coil\pst-coil.sty"
Package: pst-coil 2010/02/01 package wrapper for pst-coil.tex (hv)
 ("C:\Users\gener\AppData\Local\Programs\MiKTeX 2.9\tex/generic/pst-coil\pst-coil.tex"  v1.06, 2006/11/27 ("C:\Users\gener\AppData\Local\Programs\MiKTeX 2.9\tex/generic/pst-node\pst-node.tex"))
File: pst-coil.tex 2015/05/13 v1.07 `PST-coil' (tvz,hv)
) ("C:\Users\gener\AppData\Local\Programs\MiKTeX 2.9\tex/latex/pst-text\pst-text.sty"
Package: pst-text 2018/12/28 package wrapper for pst-text.tex (hv)
 ("C:\Users\gener\AppData\Local\Programs\MiKTeX 2.9\tex/generic/pst-text\pst-text.tex"  v1.01, 2018/12/22(tvz,hv))
File: pst-text.tex 2018/12/22 1.01 `pst-text' (tvz)
) ("C:\Users\gener\AppData\Local\Programs\MiKTeX 2.9\tex/latex/pst-3d\pst-3d.sty"
Package: pst-3d 2009/07/28 package wrapper for pst-3d.tex (hv)
 ("C:\Users\gener\AppData\Local\Programs\MiKTeX 2.9\tex/generic/pst-3d\pst-3d.tex")
File: pst-3d.tex 2018/12/22 v1.01 `PST-3d' (hv)
) ("C:\Users\gener\AppData\Local\Programs\MiKTeX 2.9\tex/latex/pst-eps\pst-eps.sty"
Package: pst-eps 2005/05/20 package wrapper for pst-eps.tex (hv)
 ("C:\Users\gener\AppData\Local\Programs\MiKTeX 2.9\tex/generic/pst-eps\pst-eps.tex"  v1.00, 2006/11/04
\pst@epsout=\write4
\pst@tempout=\write5
)
File: pst-eps.tex 2006/11/04 1.00 `pst-eps' (tvz)
) ("C:\Users\gener\AppData\Local\Programs\MiKTeX 2.9\tex/latex/pst-fill\pst-fill.sty"
Package: pst-fill 2005/09/13 package wrapper for pst-fill.tex (hv)
 ("C:\Users\gener\AppData\Local\Programs\MiKTeX 2.9\tex/generic/pst-fill\pst-fill.tex" `PST-Fill' v1.01, 2007/03/10 (tvz,dg,hv)
\pst@fillbox=\box113
)
File: pst-fill.tex 2007/03/10 v1.01 `PST-fill' (tvz,dg)
) ("C:\Users\gener\AppData\Local\Programs\MiKTeX 2.9\tex/latex/pstricks-add\pstricks-add.sty" ("C:\Users\gener\AppData\Local\Programs\MiKTeX 2.9\tex/latex/pst-math\pst-math.sty"
Package: pst-math 2018/12/16 v 0.65 package wrapper for PSTricks pst-math.tex
 ("C:\Users\gener\AppData\Local\Programs\MiKTeX 2.9\tex/latex/pst-calculate\pst-calculate.sty"
Package: pst-calculate 2019/01/24 v. 0.02(Herbert Voss) Support for caculations with floating point numbers.
 ("C:\Users\gener\AppData\Local\Programs\MiKTeX 2.9\tex/latex/l3packages/xparse\xparse.sty" ("C:\Users\gener\AppData\Local\Programs\MiKTeX 2.9\tex/latex/l3kernel\expl3.sty"
Package: expl3 2020-09-03 L3 programming layer (loader) 
 ("C:\Users\gener\AppData\Local\Programs\MiKTeX 2.9\tex/latex/l3backend\l3backend-pdftex.def"
File: l3backend-pdftex.def 2020-09-01 L3 backend support: PDF output (pdfTeX)
\l__kernel_color_stack_int=\count354
\l__pdf_internal_box=\box114
))
Package: xparse 2020-05-15 L3 Experimental document command parser
 ("C:\Users\gener\AppData\Local\Programs\MiKTeX 2.9\tex/latex/l3packages/xparse\xparse-generic.tex"
\l__xparse_current_arg_int=\count355
\g__xparse_grabber_int=\count356
\l__xparse_m_args_int=\count357
\l__xparse_v_nesting_int=\count358
)) ("C:\Users\gener\AppData\Local\Programs\MiKTeX 2.9\tex/latex/siunitx\siunitx.sty"
Package: siunitx 2020/02/25 v2.8b A comprehensive (SI) units package
 ("C:\Users\gener\AppData\Local\Programs\MiKTeX 2.9\tex/latex/tools\array.sty"
Package: array 2019/08/31 v2.4l Tabular extension package (FMi)
\col@sep=\dimen326
\ar@mcellbox=\box115
\extrarowheight=\dimen327
\NC@list=\toks48
\extratabsurround=\skip56
\backup@length=\skip57
\ar@cellbox=\box116
) ("C:\Users\gener\AppData\Local\Programs\MiKTeX 2.9\tex/latex/l3packages/l3keys2e\l3keys2e.sty"
Package: l3keys2e 2020-05-15 LaTeX2e option processing using LaTeX3 keys
)
\l__siunitx_tmp_box=\box117
\l__siunitx_tmp_dim=\dimen328
\l__siunitx_tmp_int=\count359
\l__siunitx_number_mantissa_length_int=\count360
\l__siunitx_number_uncert_length_int=\count361
\l__siunitx_round_int=\count362
\l__siunitx_process_decimal_int=\count363
\l__siunitx_process_uncertainty_int=\count364
\l__siunitx_process_fixed_int=\count365
\l__siunitx_process_integer_min_int=\count366
\l__siunitx_process_precision_int=\count367
\l__siunitx_group_min_int=\count368
\l__siunitx_angle_marker_box=\box118
\l__siunitx_angle_unit_box=\box119
\l__siunitx_angle_marker_dim=\dimen329
\l__siunitx_angle_unit_dim=\dimen330
\l__siunitx_unit_int=\count369
\l__siunitx_unit_denominator_int=\count370
\l__siunitx_unit_numerator_int=\count371
\l__siunitx_unit_prefix_int=\count372
\l__siunitx_unit_prefix_base_int=\count373
\l__siunitx_unit_prefix_gram_int=\count374
\l__siunitx_number_product_int=\count375
\c__siunitx_one_fill_skip=\skip58
\l__siunitx_table_unit_align_skip=\skip59
\l__siunitx_table_exponent_dim=\dimen331
\l__siunitx_table_integer_dim=\dimen332
\l__siunitx_table_mantissa_dim=\dimen333
\l__siunitx_table_marker_dim=\dimen334
\l__siunitx_table_result_dim=\dimen335
\l__siunitx_table_uncert_dim=\dimen336
\l__siunitx_table_fill_pre_dim=\dimen337
\l__siunitx_table_fill_post_dim=\dimen338
\l__siunitx_table_fill_mid_dim=\dimen339
\l__siunitx_table_pre_box=\box120
\l__siunitx_table_post_box=\box121
\l__siunitx_table_mantissa_box=\box122
\l__siunitx_table_result_box=\box123
\l__siunitx_table_number_align_skip=\skip60
\l__siunitx_table_text_align_skip=\skip61
 ("C:\Users\gener\AppData\Local\Programs\MiKTeX 2.9\tex/latex/translator\translator.sty"
Package: translator 2020-08-03 v1.12c Easy translation of strings in LaTeX
))) ("C:\Users\gener\AppData\Local\Programs\MiKTeX 2.9\tex/generic/iftex\ifluatex.sty"
Package: ifluatex 2019/10/25 v1.5 ifluatex legacy package. Use iftex instead.
) ("C:\Users\gener\AppData\Local\Programs\MiKTeX 2.9\tex/latex/xstring\xstring.sty" ("C:\Users\gener\AppData\Local\Programs\MiKTeX 2.9\tex/generic/xstring\xstring.tex"
\integerpart=\count376
\decimalpart=\count377
)
Package: xstring 2019/02/06 v1.83 String manipulations (CT)
) ("C:\Users\gener\AppData\Local\Programs\MiKTeX 2.9\tex/generic/pst-math\pst-math.tex")
File: pst-math.tex 2007/03/10 v1.01 `PST-math' (hv)
\c@Rand@No=\count378
\c@Random@Left=\count379
\c@Random@Right=\count380
\c@Random@No@max=\count381
)
Package: pstricks-add 2018/02/04 v. 0.16 package wrapper for pstricks-add.tex (hv)
 ("C:\Users\gener\AppData\Local\Programs\MiKTeX 2.9\tex/generic/pstricks-add\pstricks-add.tex")
File: pstricks-add.tex 2007/03/10 v1.01 `PSTricks-add' (hv)
)) ("C:\Users\gener\AppData\Local\Programs\MiKTeX 2.9\tex/latex/pst-3dplot\pst-3dplot.sty"
Package: pst-3dplot 2010/01/01 package wrapper for pst-3dplot.tex (hv)
 ("C:\Users\gener\AppData\Local\Programs\MiKTeX 2.9\tex/generic/pst-3dplot\pst-3dplot.tex" ("C:\Users\gener\AppData\Local\Programs\MiKTeX 2.9\tex/generic/pst-node\pst-node.tex") ("C:\Users\gener\AppData\Local\Programs\MiKTeX 2.9\tex/generic/multido\multido.tex"  v1.42, 2010/05/14 <tvz>) `PST-3dplot' v2.05, 2020/08/04 (HV,DL)
\pst@dimf=\dimen340
\pst@cntx=\count382
\pst@cnty=\count383
\pst@cntz=\count384
\pst@dimx=\dimen341
\pst@dimy=\dimen342
\pst@dimz=\dimen343
\pst@dx=\dimen344
\pst@dy=\dimen345
\pszunit=\dimen346
)
File: pst-3dplot.tex 2020/08/04 v2.05 `PST-3dplot' (hv)
) ("C:\Users\gener\AppData\Local\Programs\MiKTeX 2.9\tex/latex/cases\cases.sty"
Package: cases 2020/03/29 ver 3.2
\numc@numwid=\dimen347
) ("C:\Users\gener\AppData\Local\Programs\MiKTeX 2.9\tex/latex/enumitem\enumitem.sty"
Package: enumitem 2019/06/20 v3.9 Customized lists
\labelindent=\skip62
\enit@outerparindent=\dimen348
\enit@toks=\toks49
\enit@inbox=\box124
\enit@count@id=\count385
\enitdp@description=\count386
) ("C:\Users\gener\AppData\Local\Programs\MiKTeX 2.9\tex/latex/eurosym\eurosym.sty"
Package: eurosym 1998/08/06 v1.1 European currency symbol ``Euro''
\@eurobox=\box125
) ("C:\Users\gener\AppData\Local\Programs\MiKTeX 2.9\tex/latex/bbm\bbm.sty"
Package: bbm 1999/03/15 V 1.2 provides fonts for set symbols - TH
LaTeX Font Info:    Overwriting math alphabet `\mathbbm' in version `bold'
(Font)                  U/bbm/m/n --> U/bbm/bx/n on input line 33.
LaTeX Font Info:    Overwriting math alphabet `\mathbbmss' in version `bold'
(Font)                  U/bbmss/m/n --> U/bbmss/bx/n on input line 35.
) ("C:\Users\gener\AppData\Local\Programs\MiKTeX 2.9\tex/latex/circuitikz\circuitikz.sty"
Package: circuitikz 2022/09/09{} The CircuiTikz circuit drawing package version 1.5.4
 ("C:\Users\gener\AppData\Local\Programs\MiKTeX 2.9\tex/generic/pgf/frontendlayer/tikz/libraries\tikzlibrarycalc.code.tex"
File: tikzlibrarycalc.code.tex 2020/01/08 v3.1.5b (3.1.5b)
) ("C:\Users\gener\AppData\Local\Programs\MiKTeX 2.9\tex/generic/pgf/libraries\pgflibraryarrows.meta.code.tex"
File: pgflibraryarrows.meta.code.tex 2020/01/08 v3.1.5b (3.1.5b)
\pgfarrowinset=\dimen349
\pgfarrowlength=\dimen350
\pgfarrowwidth=\dimen351
\pgfarrowlinewidth=\dimen352
) ("C:\Users\gener\AppData\Local\Programs\MiKTeX 2.9\tex/generic/pgf/frontendlayer/tikz/libraries\tikzlibrarybending.code.tex"
File: tikzlibrarybending.code.tex 2020/01/08 v3.1.5b (3.1.5b)
 ("C:\Users\gener\AppData\Local\Programs\MiKTeX 2.9\tex/generic/pgf/modules\pgfmodulebending.code.tex"
File: pgfmodulebending.code.tex 2020/01/08 v3.1.5b (3.1.5b)
 ("C:\Users\gener\AppData\Local\Programs\MiKTeX 2.9\tex/generic/pgf/modules\pgfmodulenonlineartransformations.code.tex"
File: pgfmodulenonlineartransformations.code.tex 2020/01/08 v3.1.5b (3.1.5b)
\pgftransformnonlinearflatness=\dimen353
) ("C:\Users\gener\AppData\Local\Programs\MiKTeX 2.9\tex/generic/pgf/libraries\pgflibrarycurvilinear.code.tex"
File: pgflibrarycurvilinear.code.tex 2020/01/08 v3.1.5b (3.1.5b)
\pgf@curvilinear@time@a=\dimen354
\pgf@curvilinear@length@a=\dimen355
\pgf@curvilinear@length@b=\dimen356
\pgf@curvilinear@length@c=\dimen357
\pgf@curvilinear@length@d=\dimen358
)
\pgf@arrows@the@rigidity=\dimen359
)) ("C:\Users\gener\AppData\Local\Programs\MiKTeX 2.9\tex/generic/pgf/frontendlayer/tikz/libraries\tikzlibraryfpu.code.tex" ("C:\Users\gener\AppData\Local\Programs\MiKTeX 2.9\tex/generic/pgf/libraries\pgflibraryfpu.code.tex")) ("C:\Users\gener\AppData\Local\Programs\MiKTeX 2.9\tex/generic/circuitikz\pgfcirc.defines.tex"
\pgf@circ@count@a=\count387
\pgf@circ@count@b=\count388
\pgf@circ@count@c=\count389
\pgf@circ@res@up=\dimen360
\pgf@circ@res@down=\dimen361
\pgf@circ@res@zero=\dimen362
\pgf@circ@res@left=\dimen363
\pgf@circ@res@right=\dimen364
\pgf@circ@res@other=\dimen365
\pgf@circ@res@step=\dimen366
\pgf@circ@res@temp=\dimen367
\pgf@circ@Rlen=\dimen368
\pgf@circ@scaled@Rlen=\dimen369
\pgfstartlinewidth=\dimen370
) ("C:\Users\gener\AppData\Local\Programs\MiKTeX 2.9\tex/generic/circuitikz\pgfcircutils.tex"
\ctikz@scratchbox=\box126
) ("C:\Users\gener\AppData\Local\Programs\MiKTeX 2.9\tex/generic/circuitikz\pgfcircpath.tex") ("C:\Users\gener\AppData\Local\Programs\MiKTeX 2.9\tex/generic/circuitikz\pgfcircshapes.tex") ("C:\Users\gener\AppData\Local\Programs\MiKTeX 2.9\tex/generic/circuitikz\pgfcircmonopoles.tex") ("C:\Users\gener\AppData\Local\Programs\MiKTeX 2.9\tex/generic/circuitikz\pgfcircbipoles.tex") ("C:\Users\gener\AppData\Local\Programs\MiKTeX 2.9\tex/generic/circuitikz\pgfcirctripoles.tex"
\pgf@circ@res@count=\count390
) ("C:\Users\gener\AppData\Local\Programs\MiKTeX 2.9\tex/generic/circuitikz\pgfcircquadpoles.tex") ("C:\Users\gener\AppData\Local\Programs\MiKTeX 2.9\tex/generic/circuitikz\pgfcircmultipoles.tex") ("C:\Users\gener\AppData\Local\Programs\MiKTeX 2.9\tex/generic/circuitikz\pgfcirclabel.tex") ("C:\Users\gener\AppData\Local\Programs\MiKTeX 2.9\tex/generic/circuitikz\pgfcircvoltage.tex"
\pgfcirc@labelshift=\dimen371
) ("C:\Users\gener\AppData\Local\Programs\MiKTeX 2.9\tex/generic/circuitikz\pgfcirccurrent.tex") ("C:\Users\gener\AppData\Local\Programs\MiKTeX 2.9\tex/generic/circuitikz\pgfcircflow.tex")) ("C:\Users\gener\AppData\Local\Programs\MiKTeX 2.9\tex/latex/diagbox\diagbox.sty"
Package: diagbox 2020/02/09 v2.3 Making table heads with diagonal lines
 ("C:\Users\gener\AppData\Local\Programs\MiKTeX 2.9\tex/latex/pict2e\pict2e.sty"
Package: pict2e 2020/09/30 v0.4b Improved picture commands (HjG,RN,JT)
 ("C:\Users\gener\AppData\Local\Programs\MiKTeX 2.9\tex/latex/pict2e\pict2e.cfg"
File: pict2e.cfg 2016/02/05 v0.1u pict2e configuration for teTeX/TeXLive
)
Package pict2e Info: Driver file: pdftex.def on input line 112.
Package pict2e Info: Driver file for pict2e: p2e-pdftex.def on input line 114.
 ("C:\Users\gener\AppData\Local\Programs\MiKTeX 2.9\tex/latex/pict2e\p2e-pdftex.def"
File: p2e-pdftex.def 2016/02/05 v0.1u Driver-dependant file (RN,HjG,JT)
)
\pIIe@GRAPH=\toks50
\@arclen=\dimen372
\@arcrad=\dimen373
\pIIe@tempdima=\dimen374
\pIIe@tempdimb=\dimen375
\pIIe@tempdimc=\dimen376
\pIIe@tempdimd=\dimen377
\pIIe@tempdime=\dimen378
\pIIe@tempdimf=\dimen379
) ("C:\Users\gener\AppData\Local\Programs\MiKTeX 2.9\tex/latex/tools\calc.sty"
Package: calc 2017/05/25 v4.3 Infix arithmetic (KKT,FJ)
\calc@Acount=\count391
\calc@Bcount=\count392
\calc@Adimen=\dimen380
\calc@Bdimen=\dimen381
\calc@Askip=\skip63
\calc@Bskip=\skip64
LaTeX Info: Redefining \setlength on input line 80.
LaTeX Info: Redefining \addtolength on input line 81.
\calc@Ccount=\count393
\calc@Cskip=\skip65
)
\diagbox@boxa=\box127
\diagbox@boxb=\box128
\diagbox@boxm=\box129
\diagbox@wd=\dimen382
\diagbox@ht=\dimen383
\diagbox@insepl=\dimen384
\diagbox@insepr=\dimen385
\diagbox@outsepl=\dimen386
\diagbox@outsepr=\dimen387
)
LaTeX Font Info:    Trying to load font information for T1+txtt on input line 150.
 ("C:\Users\gener\AppData\Local\Programs\MiKTeX 2.9\tex/latex/txfonts\t1txtt.fd"
File: t1txtt.fd 2000/12/15 v3.1
) (cstp1.aux)
\openout1 = `cstp1.aux'.

LaTeX Font Info:    Checking defaults for OML/cmm/m/it on input line 155.
LaTeX Font Info:    ... okay on input line 155.
LaTeX Font Info:    Checking defaults for OMS/cmsy/m/n on input line 155.
LaTeX Font Info:    ... okay on input line 155.
LaTeX Font Info:    Checking defaults for OT1/cmr/m/n on input line 155.
LaTeX Font Info:    ... okay on input line 155.
LaTeX Font Info:    Checking defaults for T1/cmr/m/n on input line 155.
LaTeX Font Info:    ... okay on input line 155.
LaTeX Font Info:    Checking defaults for TS1/cmr/m/n on input line 155.
LaTeX Font Info:    ... okay on input line 155.
LaTeX Font Info:    Checking defaults for OMX/cmex/m/n on input line 155.
LaTeX Font Info:    ... okay on input line 155.
LaTeX Font Info:    Checking defaults for U/cmr/m/n on input line 155.
LaTeX Font Info:    ... okay on input line 155.
 ("C:\Users\gener\AppData\Local\Programs\MiKTeX 2.9\tex/latex/ucs\ucsencs.def"
File: ucsencs.def 2011/01/21 Fixes to fontencodings LGR, T3
) ("C:\Users\gener\AppData\Local\Programs\MiKTeX 2.9\tex/context/base/mkii\supp-pdf.mkii"
[Loading MPS to PDF converter (version 2006.09.02).]
\scratchcounter=\count394
\scratchdimen=\dimen388
\scratchbox=\box130
\nofMPsegments=\count395
\nofMParguments=\count396
\everyMPshowfont=\toks51
\MPscratchCnt=\count397
\MPscratchDim=\dimen389
\MPnumerator=\count398
\makeMPintoPDFobject=\count399
\everyMPtoPDFconversion=\toks52
) ("C:\Users\gener\AppData\Local\Programs\MiKTeX 2.9\tex/latex/epstopdf-pkg\epstopdf-base.sty"
Package: epstopdf-base 2020-01-24 v2.11 Base part for package epstopdf
Package epstopdf-base Info: Redefining graphics rule for `.eps' on input line 485.
) ABD: EveryShipout initializing macros
\c@lstlisting=\count400

*geometry* driver: auto-detecting
*geometry* detected driver: pdftex
*geometry* verbose mode - [ preamble ] result:
* driver: pdftex
* paper: <default>
* layout: <same size as paper>
* layoutoffset:(h,v)=(0.0pt,0.0pt)
* modes: 
* h-part:(L,W,R)=(56.9055pt, 500.484pt, 56.9055pt)
* v-part:(T,H,B)=(56.9055pt, 681.15898pt, 56.9055pt)
* \paperwidth=614.295pt
* \paperheight=794.96999pt
* \textwidth=500.484pt
* \textheight=681.15898pt
* \oddsidemargin=-15.36449pt
* \evensidemargin=-15.36449pt
* \topmargin=-52.36449pt
* \headheight=12.0pt
* \headsep=25.0pt
* \topskip=12.0pt
* \footskip=30.0pt
* \marginparwidth=44.0pt
* \marginparsep=10.0pt
* \columnsep=10.0pt
* \skip\footins=10.8pt plus 4.0pt minus 2.0pt
* \hoffset=0.0pt
* \voffset=0.0pt
* \mag=1000
* \@twocolumnfalse
* \@twosidefalse
* \@mparswitchfalse
* \@reversemarginfalse
* (1in=72.27pt=25.4mm, 1cm=28.453pt)

("C:\Users\gener\AppData\Local\Programs\MiKTeX 2.9\tex/latex/translator\translator-basic-dictionary-English.dict"
Dictionary: translator-basic-dictionary, Language: English 
) ("C:\Users\gener\AppData\Local\Programs\MiKTeX 2.9\tex/latex/siunitx\siunitx-abbreviations.cfg"
File: siunitx-abbreviations.cfg 2017/11/26 v2.7k siunitx: Abbreviated units
)
LaTeX Font Info:    Trying to load font information for U+msa on input line 155.
 ("C:\Users\gener\AppData\Local\Programs\MiKTeX 2.9\tex/latex/amsfonts\umsa.fd"
File: umsa.fd 2013/01/14 v3.01 AMS symbols A
)
LaTeX Font Info:    Trying to load font information for U+msb on input line 155.
 ("C:\Users\gener\AppData\Local\Programs\MiKTeX 2.9\tex/latex/amsfonts\umsb.fd"
File: umsb.fd 2013/01/14 v3.01 AMS symbols B
)
LaTeX Font Info:    Trying to load font information for U+rsfs on input line 155.
 ("C:\Users\gener\AppData\Local\Programs\MiKTeX 2.9\tex/latex/jknappen\ursfs.fd"
File: ursfs.fd 1998/03/24 rsfs font definition file (jk)
) ("C:\Users\gener\AppData\Local\Programs\MiKTeX 2.9\tex/latex/ucs\uni-0.def"
File: uni-0.def 2013/05/13 UCS: Unicode data U+0000..U+00FF
) (cstp1.toc)
\tf@toc=\write6
\openout6 = `cstp1.toc'.

 [1
Non-PDF special ignored!
<special> header=pstricks.pro
Non-PDF special ignored!
<special> header=pst-algparser.pro
Non-PDF special ignored!
<special> header=pst-tools.pro
Non-PDF special ignored!
<special> header=pst-dots.pro
Non-PDF special ignored!
<special> header=pst-node.pro
Non-PDF special ignored!
<special> header=pst-3d.pro
Non-PDF special ignored!
<special> header=pst-math.pro
Non-PDF special ignored!
<special> header=pstricks-add.pro
Non-PDF special ignored!
<special> header=pst-grad.pro
Non-PDF special ignored!
<special> header=pst-coil.pro
Non-PDF special ignored!
<special> header=pst-text.pro
Non-PDF special ignored!
<special> header=pst-3dplot.pro

Non-PDF special ignored!
<special> ps: /pssetRGBcolor /setrgbcolor load def /pssetCMYKcolor /setcmyk...
Non-PDF special ignored!
<special> ps:tx@Dict begin  gsave STV CP T /ps@rot 0 def grestore  end
Non-PDF special ignored!
<special> ps:tx@Dict begin  gsave STV CP T /ps@refangle 0.  def grestore  e...
Non-PDF special ignored!
<special> ps:tx@Dict begin  gsave STV CP T /ps@rot 0 def grestore  end
{C:/Users/gener/AppData/Local/MiKTeX/2.9/pdftex/config/pdftex.map}]
LaTeX Font Info:    Trying to load font information for TS1+cmtt on input line 190.
 ("C:\Users\gener\AppData\Local\Programs\MiKTeX 2.9\tex/latex/base\ts1cmtt.fd"
File: ts1cmtt.fd 2019/12/16 v2.5j Standard LaTeX font definitions
) [2] ("C:\Users\gener\AppData\Local\Programs\MiKTeX 2.9\tex/latex/listings\lstlang1.sty"
File: lstlang1.sty 2020/03/24 1.8d listings language file
) ("C:\Users\gener\AppData\Local\Programs\MiKTeX 2.9\tex/latex/listings\lstmisc.sty"
File: lstmisc.sty 2020/03/24 1.8d (Carsten Heinz)
) [3] [4]
Underfull \hbox (badness 10000) in paragraph at lines 301--303

 []

[5] [6] [7] (cstp1.aux) ) 
Here is how much of TeX's memory you used:
 40938 strings out of 481165
 971727 string characters out of 2902091
 1807176 words of memory out of 3000000
 55946 multiletter control sequences out of 15000+200000
 549430 words of font info for 87 fonts, out of 3000000 for 9000
 1141 hyphenation exceptions out of 8191
 70i,7n,97p,747b,1818s stack positions out of 5000i,500n,10000p,200000b,50000s
 <C:\Users\gener\AppData\Local\MiKTeX\2.9\fonts/pk/ljfour/jknappen/ec/dpi600\tcrm1200.pk> <C:\Users\gener\AppData\Local\MiKTeX\2.9\fonts/pk/ljfour/jknappen/ec/dpi600\tctt1095.pk><C:/Users/gener/AppData/Local/Programs/MiKTeX 2.9/fonts/type1/public/amsfonts/cm/cmbx12.pfb><C:/Users/gener/AppData/Local/Programs/MiKTeX 2.9/fonts/type1/public/amsfonts/cm/cmmi12.pfb><C:/Users/gener/AppData/Local/Programs/MiKTeX 2.9/fonts/type1/public/amsfonts/cm/cmmi8.pfb><C:/Users/gener/AppData/Local/Programs/MiKTeX 2.9/fonts/type1/public/amsfonts/cm/cmr12.pfb><C:/Users/gener/AppData/Local/Programs/MiKTeX 2.9/fonts/type1/public/amsfonts/cm/cmr17.pfb><C:/Users/gener/AppData/Local/Programs/MiKTeX 2.9/fonts/type1/public/amsfonts/cm/cmr6.pfb><C:/Users/gener/AppData/Local/Programs/MiKTeX 2.9/fonts/type1/public/amsfonts/cm/cmr8.pfb><C:/Users/gener/AppData/Local/Programs/MiKTeX 2.9/fonts/type1/public/amsfonts/cm/cmsy10.pfb><C:/Users/gener/AppData/Local/Programs/MiKTeX 2.9/fonts/type1/public/amsfonts/cm/cmtt10.pfb><C:/Users/gener/AppData/Local/Programs/MiKTeX 2.9/fonts/type1/public/amsfonts/cm/cmtt12.pfb><C:/Users/gener/AppData/Local/Programs/MiKTeX 2.9/fonts/type1/public/amsfonts/latxfont/lcircle1.pfb>
Output written on cstp1.pdf (7 pages, 129599 bytes).
PDF statistics:
 83 PDF objects out of 1000 (max. 8388607)
 0 named destinations out of 1000 (max. 500000)
 13 words of extra memory for PDF output out of 10000 (max. 10000000)

